<itunes:subtitle>Episode 54 - V4V Executive Council Feat. ChadF</itunes:subtitle>
<itunes:summary>
<p>Special guest ChadF!</p> <p>Help produce the DV by helping us with studio gear <a href="https://www.amazon.com/registries/gl/guest-view/2X2SOTRO8TQJL" target="_blank" rel="noopener">HERE</a></p> <p>Or Donate through Paypal <a href="https://www.paypal.com/donate/?hosted_button_id=ATL9BD9EQRSNN" target="_blank" rel="noopener">HERE</a></p> <p>Thanks for traveling Into The Doerfel-Verse!&nbsp;</p> <p>www.doerfelverse.com</p>
</itunes:summary>
<podcast:chapters url="https://www.doerfelverse.com/chapters/dvep54.json" type="application/json"/>
<podcast:person href="https://www.doerfelverse.com" img="https://www.doerfelverse.com/art/tj-socials.png" group="cast" role="host">Sir TJ The Wrathful</podcast:person>
<podcast:person group="cast" role="host" img="https://www.doerfelverse.com/art/cousinmike.png">Cousin Mike</podcast:person>
<podcast:person group="cast" role="host" img="https://www.doerfelverse.com/art/kurtisdrums.png" href="https://www.doerfelverse.com">Kurtisdrums</podcast:person>
<podcast:person group="cast" role="host" img="https://www.doerfelverse.com/art/chadf.jpg" href="https://podcastindex.social/@ChadF">ChadF</podcast:person>
<podcast:value type="lightning" method="keysend" suggested="0.00000005000">
<podcast:valueRecipient name="Sovereign Feeds" address="035ad2c954e264004986da2d9499e1732e5175e1dcef2453c921c6cdcc3536e9d8" type="node" split="5" fee="true"/>
<podcast:valueRecipient name="Doerfel-Node" type="node" address="031ce2f133b570edf1c776e571e27d22a715dc6ea73956f0e79f4272d81d9dc0d5" split="35"/>
<podcast:valueRecipient name="Cousin Mike" type="node" address="03b6f613e88bd874177c28c6ad83b3baba43c4c656f56be1f8df84669556054b79" split="5" customValue="01eyx7vO9EBQM0lMRt2bdL" customKey="906608"/>
<podcast:valueRecipient name="thedoerfels@fountain.fm" type="node" address="03b6f613e88bd874177c28c6ad83b3baba43c4c656f56be1f8df84669556054b79" customKey="906608" customValue="019DsnyhQBIdgMoO7NkDQt" split="10"/>
<podcast:valueRecipient name="ChadF" type="node" address="032870511bfa0309bab3ca1832ead69eed848a4abddbc4d50e55bb2157f9525e51" split="50"/>
<podcast:valueTimeSplit startTime="171.344" duration="156.994" remotePercentage="90">
<podcast:remoteItem feedGuid="3058af0c-1807-5732-9a08-9114675ef7d6" itemGuid="c51ecaa4-f237-4707-9c62-2de611820e4b"/>
</podcast:valueTimeSplit>
<podcast:valueTimeSplit startTime="741.774" duration="231.825" remotePercentage="90">
<podcast:remoteItem feedGuid="011c3a82-d716-54f7-9738-3d5fcacf65be" itemGuid="c2ba80cc-add9-42ad-9a8f-b490436826ae"/>
</podcast:valueTimeSplit>
<podcast:valueTimeSplit startTime="3003.469" duration="142.615" remotePercentage="90">
</podcast:valueTimeSplit>
<podcast:valueTimeSplit startTime="3510.865" duration="538.909" remotePercentage="50">
<podcast:remoteItem feedGuid="187f22db-79cb-5ac4-aa60-54e424e3915e" itemGuid="83b608cb-fbb8-4cc4-895e-bd1cf2b08ae3"/>
</podcast:valueTimeSplit>
<podcast:valueTimeSplit startTime="4718.121" duration="196.664" remotePercentage="90">
<podcast:remoteItem feedGuid="265706d5-d6a1-5e96-b4c8-5db454844254" itemGuid="fe6b1845-6b98-425d-aa07-9531474939de"/>
</podcast:valueTimeSplit>
<podcast:valueTimeSplit startTime="5366.513" duration="198.048" remotePercentage="90">
<podcast:remoteItem feedGuid="5a95f9d8-35e3-51f5-a269-ba1df36b4bd8" itemGuid="7c823adf-1e53-4df1-98c0-979da81ec916"/>
</podcast:valueTimeSplit> 