<?xml version="1.0" encoding="UTF-8"?>
<rss xmlns:dc="http://purl.org/dc/elements/1.1/" xmlns:content="http://purl.org/rss/1.0/modules/content/" xmlns:atom="http://www.w3.org/2005/Atom" version="2.0" xmlns:itunes="http://www.itunes.com/dtds/podcast-1.0.dtd" xmlns:psc="http://podlove.org/simple-chapters" xmlns:podcast="https://podcastindex.org/namespace/1.0">
	<channel>
		<title><![CDATA[The Doerfels]]></title>
		<description><![CDATA[The Doerfels are a family band from Buffalo, NY, creating original music across multiple genres including folk, rock, and acoustic. Their catalog includes albums like "Bloodshot Lies", "Stay Awhile", and many more.]]></description>
		<link>https://www.doerfelverse.com/</link>
		<generator>Wavlake</generator>
		<lastBuildDate>Wed, 23 Jul 2025 23:17:22 GMT</lastBuildDate>
		<podcast:medium>publisher</podcast:medium>
		<podcast:guid>5526a0ee-069d-4c76-8bd4-7fd2022034bc</podcast:guid>
		
		<!-- Example podcast:remoteItem entries for The Doerfels albums -->
		<!-- Bloodshot Lies Album -->
		<podcast:remoteItem medium="music" feedGuid="5a95f9d8-35e3-51f5-a269-ba1df36b4bd8" feedUrl="https://www.doerfelverse.com/feeds/bloodshot-lies-album.xml"/>
		
		<!-- Music from the Doerfelverse (Stay Awhile) -->
		<podcast:remoteItem medium="music" feedGuid="2b62ef49-fcff-523c-b81a-0a7dde2b0609" feedUrl="https://www.doerfelverse.com/feeds/music-from-the-doerfelverse.xml"/>
		
		<!-- Into the Doerfelverse -->
		<podcast:remoteItem medium="music" feedGuid="41aace28-8679-5ef1-9958-75cf76c2b5f0" feedUrl="https://www.doerfelverse.com/feeds/intothedoerfelverse.xml"/>
		
		<!-- 18 Sundays -->
		<podcast:remoteItem medium="music" feedGuid="910874e0-86cc-5d95-9589-a9948c32880a" feedUrl="https://www.doerfelverse.com/feeds/18sundays.xml"/>
		
		<!-- Autumn -->
		<podcast:remoteItem medium="music" feedGuid="47768d25-74d9-5ba4-82db-aeaa7f50e29c" feedUrl="https://www.doerfelverse.com/feeds/autumn.xml"/>
		
		<!-- Sensitive Guy -->
		<podcast:remoteItem medium="music" feedGuid="6eef0b66-bb86-5d0c-b260-099bcc920b7c" feedUrl="https://www.doerfelverse.com/feeds/sensitive-guy.xml"/>
		
		<!-- First Married Christmas -->
		<podcast:remoteItem medium="music" feedGuid="a3d6d7d5-4b5d-5161-b119-cf5e99d35fda" feedUrl="https://www.doerfelverse.com/feeds/first-married-christmas.xml"/>
		
		<!-- Merry Christmix -->
		<podcast:remoteItem medium="music" feedGuid="f275657c-4b58-563a-ad3b-91b65035b3d8" feedUrl="https://www.doerfelverse.com/feeds/merry-christmix.xml"/>
		
		<!-- Add more podcast:remoteItem entries here for additional albums -->
		<!-- Example format:
		<podcast:remoteItem medium="music" feedGuid="ALBUM-FEED-GUID" feedUrl="https://www.doerfelverse.com/feeds/ALBUM-NAME.xml"/>
		-->
		
		<itunes:summary>The Doerfels are a family band from Buffalo, NY, creating original music across multiple genres including folk, rock, and acoustic. Their catalog includes albums like "Bloodshot Lies", "Stay Awhile", and many more.</itunes:summary>
		<itunes:owner>
			<itunes:name>The Doerfels</itunes:name>
			<itunes:email>contact@doerfelverse.com</itunes:email>
		</itunes:owner>
		<itunes:explicit>false</itunes:explicit>
		<itunes:image href="https://www.doerfelverse.com/art/doerfels-hockeystick.png"/>
	</channel>
</rss> 